<?xml version="1.0" encoding="UTF-8"?>
<!-- Generated by org.testng.reporters.JUnitReportReporter -->
<testsuite skipped="0" hostname="DELL-PC" name="Test.ManageSettingsTest" tests="1" failures="0" timestamp="11 Mar 2019 04:48:41 GMT" time="43.949" errors="0">
  <testcase name="VerifyPersonalDetailsSettings" time="43.949" classname="Test.ManageSettingsTest"/>
</testsuite> <!-- Test.ManageSettingsTest -->
